command executed:
singularity exec --nv /homedtic/xpavon/nerfstudio_root/nerfstudio_0.1.19.sif python3 /homedtic/xpavon/nerfstudio_root/nerfstudio/scripts/train.py hanerfacto --viewer.quit-on-train-completion True --experiment-name maskha-1682948721 --data data/mask/outputs/mask_32 --pipeline.model.hanerf-loss-mask-size-delta 0.06 --pipeline.datamanager.train-num-images-to-sample-from 1 --pipeline.datamanager.num-times-to-repeat-images 1 ; sbatch /homedtic/xpavon/nerfstudio_root/nerfstudio/bash_scripts/maskha-1682948721/2-maskha.bash
-------------------
-------------------
##################### DEV #####################
usage: train.py hanerfacto [-h] [--output-dir PATH] [--method-name {None}|STR]
                           [--experiment-name {None}|STR] [--timestamp STR]
                           [--machine.seed INT] [--machine.num-gpus INT]
                           [--machine.num-machines INT]
                           [--machine.machine-rank INT]
                           [--machine.dist-url STR]
                           [--logging.relative-log-dir PATH]
                           [--logging.steps-per-log INT]
                           [--logging.max-buffer-size INT]
                           [--logging.local-writer.enable {True,False}]
                           [--logging.local-writer.stats-to-track 
{ITER_TRAIN_TIME,TOTAL_TRAIN_TIME,ITER_VIS_TIME,ETA,TRAIN_RAYS_PER_SEC,TEST_RA
YS_PER_SEC,VIS_RAYS_PER_SEC,CURR_TEST_PSNR} [...]]
                           [--logging.local-writer.max-log-size INT]
                           [--logging.enable-profiler {True,False}]
                           [--viewer.relative-log-filename STR]
                           [--viewer.start-train {True,False}]
                           [--viewer.zmq-port {None}|INT]
                           [--viewer.launch-bridge-server {True,False}]
                           [--viewer.websocket-port {None}|INT]
                           [--viewer.websocket-port-default INT]
                           [--viewer.ip-address STR]
                           [--viewer.num-rays-per-chunk INT]
                           [--viewer.max-num-display-images INT]
                           [--viewer.quit-on-train-completion {True,False}]
                           [--viewer.image-format {jpeg,png}]
                           [--viewer.jpeg-quality INT]
                           [--viewer.png-compression INT]
                           [--pipeline.datamanager.data {None}|PATH]
                           [--pipeline.datamanager.camera-optimizer.mode 
{off,SO3xR3,SE3}]
                           [--pipeline.datamanager.camera-optimizer.position-n
oise-std FLOAT]
                           [--pipeline.datamanager.camera-optimizer.orientatio
n-noise-std FLOAT]
                           [--pipeline.datamanager.camera-optimizer.optimizer.
lr FLOAT]
                           [--pipeline.datamanager.camera-optimizer.optimizer.
eps FLOAT]
                           [--pipeline.datamanager.camera-optimizer.optimizer.
max-norm {None}|FLOAT]
                           [--pipeline.datamanager.camera-optimizer.optimizer.
weight-decay FLOAT]
                           [--pipeline.datamanager.camera-optimizer.scheduler.
lr-pre-warmup FLOAT]
                           [--pipeline.datamanager.camera-optimizer.scheduler.
lr-final {None}|FLOAT]
                           [--pipeline.datamanager.camera-optimizer.scheduler.
warmup-steps INT]
                           [--pipeline.datamanager.camera-optimizer.scheduler.
max-steps INT]
                           [--pipeline.datamanager.camera-optimizer.scheduler.
ramp {linear,cosine}]
                           [--pipeline.datamanager.train-num-rays-per-batch 
INT]
                           [--pipeline.datamanager.train-num-images-to-sample-
from INT]
                           [--pipeline.datamanager.train-num-times-to-repeat-i
mages INT]
                           [--pipeline.datamanager.eval-num-rays-per-batch 
INT]
                           [--pipeline.datamanager.eval-num-images-to-sample-f
rom INT]
                           [--pipeline.datamanager.eval-num-times-to-repeat-im
ages INT]
                           [--pipeline.datamanager.eval-image-indices 
{None}|{INT [INT ...]}]
                           [--pipeline.datamanager.camera-res-scale-factor 
FLOAT]
                           [--pipeline.datamanager.patch-size INT]
                           [--pipeline.model.enable-collider {True,False}]
                           [--pipeline.model.collider-params {None}|{STR FLOAT
[STR FLOAT ...]}]
                           [--pipeline.model.loss-coefficients.rgb-loss-coarse
FLOAT]
                           [--pipeline.model.loss-coefficients.rgb-loss-fine 
FLOAT]
                           [--pipeline.model.eval-num-rays-per-chunk INT]
                           [--pipeline.model.near-plane FLOAT]
                           [--pipeline.model.far-plane FLOAT]
                           [--pipeline.model.background-color 
{random,last_sample,black,white}]
                           [--pipeline.model.hidden-dim INT]
                           [--pipeline.model.hidden-dim-color INT]
                           [--pipeline.model.hidden-dim-transient INT]
                           [--pipeline.model.num-levels INT]
                           [--pipeline.model.max-res INT]
                           [--pipeline.model.log2-hashmap-size INT]
                           [--pipeline.model.num-proposal-samples-per-ray INT 
[INT ...]]
                           [--pipeline.model.num-nerf-samples-per-ray INT]
                           [--pipeline.model.proposal-update-every INT]
                           [--pipeline.model.proposal-warmup INT]
                           [--pipeline.model.num-proposal-iterations INT]
                           [--pipeline.model.use-same-proposal-network 
{True,False}]
                           [--pipeline.model.proposal-net-args-list.0.hidden-d
im INT]
                           [--pipeline.model.proposal-net-args-list.0.log2-has
hmap-size INT]
                           [--pipeline.model.proposal-net-args-list.0.num-leve
ls INT]
                           [--pipeline.model.proposal-net-args-list.0.max-res 
INT]
                           [--pipeline.model.proposal-net-args-list.0.use-line
ar {True,False}]
                           [--pipeline.model.proposal-net-args-list.1.hidden-d
im INT]
                           [--pipeline.model.proposal-net-args-list.1.log2-has
hmap-size INT]
                           [--pipeline.model.proposal-net-args-list.1.num-leve
ls INT]
                           [--pipeline.model.proposal-net-args-list.1.max-res 
INT]
                           [--pipeline.model.proposal-net-args-list.1.use-line
ar {True,False}]
                           [--pipeline.model.proposal-initial-sampler 
{piecewise,uniform}]
                           [--pipeline.model.interlevel-loss-mult FLOAT]
                           [--pipeline.model.distortion-loss-mult FLOAT]
                           [--pipeline.model.orientation-loss-mult FLOAT]
                           [--pipeline.model.pred-normal-loss-mult FLOAT]
                           [--pipeline.model.use-proposal-weight-anneal 
{True,False}]
                           [--pipeline.model.use-average-appearance-embedding 
{True,False}]
                           [--pipeline.model.proposal-weights-anneal-slope 
FLOAT]
                           [--pipeline.model.proposal-weights-anneal-max-num-i
ters INT]
                           [--pipeline.model.use-single-jitter {True,False}]
                           [--pipeline.model.predict-normals {True,False}]
                           [--pipeline.model.disable-scene-contraction 
{True,False}]
                           [--pipeline.model.hanerf-loss-color-mult FLOAT]
                           [--pipeline.model.hanerf-loss-mask-size-delta 
FLOAT]
                           [--pipeline.model.hanerf-loss-mask-digit-delta 
FLOAT]
                           [--pipeline.model.enable-hanerf-loss {True,False}]
                           [--pipeline.model.save-debug-predicted-images 
{True,False}]
                           [--pipeline.model.save-debug-hanerf-occlusion-mask 
{True,False}]
                           [--pipeline.model.save-sample-count {True,False}]
                           [--optimizers.proposal-networks.optimizer.lr FLOAT]
                           [--optimizers.proposal-networks.optimizer.eps 
FLOAT]
                           [--optimizers.proposal-networks.optimizer.max-norm 
{None}|FLOAT]
                           [--optimizers.proposal-networks.optimizer.weight-de
cay FLOAT]
                           [--optimizers.proposal-networks.scheduler {None}]
                           [--optimizers.fields.optimizer.lr FLOAT]
                           [--optimizers.fields.optimizer.eps FLOAT]
                           [--optimizers.fields.optimizer.max-norm 
{None}|FLOAT]
                           [--optimizers.fields.optimizer.weight-decay FLOAT]
                           [--optimizers.fields.scheduler {None}]
                           [--optimizers.losses.optimizer.lr FLOAT]
                           [--optimizers.losses.optimizer.eps FLOAT]
                           [--optimizers.losses.optimizer.max-norm 
{None}|FLOAT]
                           [--optimizers.losses.optimizer.weight-decay FLOAT]
                           [--optimizers.losses.scheduler {None}]
                           [--vis 
{viewer,wandb,tensorboard,viewer+wandb,viewer+tensorboard}]
                           [--data {None}|PATH] [--relative-model-dir PATH]
                           [--steps-per-save INT] [--steps-per-eval-batch INT]
                           [--steps-per-eval-image INT]
                           [--steps-per-eval-all-images INT]
                           [--max-num-iterations INT]
                           [--mixed-precision {True,False}]
                           [--save-only-latest-checkpoint {True,False}]
                           [--load-dir {None}|PATH] [--load-step {None}|INT]
                           [--load-config {None}|PATH]
                           [--log-gradients {True,False}]
                           [{nerfstudio-data,minimal-parser,arkit-data,blender
-data,instant-ngp-data,nuscenes-data,dnerf-data,phototourism-data,dycheck-data
,scannet-data,sdfstudio-data,nerfosr-data,sitcoms3d-data,occlusions}]

 
train.py hanerfacto: error: argument [{nerfstudio-data,minimal-parser,arkit-data,blender-data,instant-ngp-data,nuscenes-data,dnerf-data,phototourism-data,dycheck-data,scannet-data,sdfstudio-data,nerfosr-data,sitcoms3d-data,occlusions}]: invalid choice: '1' (choose from 'nerfstudio-data', 'minimal-parser', 'arkit-data', 'blender-data', 'instant-ngp-data', 'nuscenes-data', 'dnerf-data', 'phototourism-data', 'dycheck-data', 'scannet-data', 'sdfstudio-data', 'nerfosr-data', 'sitcoms3d-data', 'occlusions')
Submitted batch job 310539
